
xv6 kernel is booting

hart 1 starting
hart 2 starting
init: starting sh
$ usertests -q
usertests starting
test copyin: OK
test copyout: OK
test copyinstr1: OK
test copyinstr2: OK
test copyinstr3: OK
test rwsbrk: OK
test truncate1: OK
test truncate2: OK
test truncate3: OK
test openiput: OK
test exitiput: OK
test iput: OK
test opentest: OK
test writetest: OK
test writebig: OK
test createtest: OK
test dirtest: OK
test exectest: OK
test pipe1: OK
test killstatus: OK
test preempt: kill... wait... OK
test exitwait: OK
test reparent: OK
test twochildren: OK
test forkfork: OK
test forkforkfork: OK
test reparent2: OK
test mem: qemu-system-riscv64: terminating on signal 2
